
TKPROF: Release 19.0.0.0.0 - Development on Fri Mar 19 15:46:15 2021

Copyright (c) 1982, 2019, Oracle and/or its affiliates.  All rights reserved.

Trace file: t1db_ora_32309_tdemo1.trc
Sort options: default

********************************************************************************
count    = number of times OCI procedure was executed
cpu      = cpu time in seconds executing 
elapsed  = elapsed time in seconds executing
disk     = number of physical reads of buffers from disk
query    = number of buffers gotten for consistent read
current  = number of buffers gotten in current mode (usually for update)
rows     = number of rows processed by the fetch or execute call
********************************************************************************

SQL ID: 0g5n01r51t3f1 Plan Hash: 0

BEGIN DBMS_SESSION.SET_SQL_TRACE(sql_trace => true); END;


call     count       cpu    elapsed       disk      query    current        rows
------- ------  -------- ---------- ---------- ---------- ----------  ----------
Parse        0      0.00       0.00          0          0          0           0
Execute      1      0.02       0.15          0          0          0           1
Fetch        0      0.00       0.00          0          0          0           0
------- ------  -------- ---------- ---------- ---------- ----------  ----------
total        1      0.02       0.15          0          0          0           1

Misses in library cache during parse: 0
Optimizer mode: ALL_ROWS
Parsing user id: 136  (PERFLAB)
********************************************************************************

SQL ID: 02tj2zp3nz192 Plan Hash: 0

BEGIN :idnum := 1000; END;


call     count       cpu    elapsed       disk      query    current        rows
------- ------  -------- ---------- ---------- ---------- ----------  ----------
Parse        1      0.00       0.00          0          0          0           0
Execute      1      0.00       0.00          0          0          0           1
Fetch        0      0.00       0.00          0          0          0           0
------- ------  -------- ---------- ---------- ---------- ----------  ----------
total        2      0.00       0.00          0          0          0           1

Misses in library cache during parse: 0
Optimizer mode: ALL_ROWS
Parsing user id: 136  (PERFLAB)
********************************************************************************

SQL ID: fua0hb5hfst77 Plan Hash: 3534348942

SELECT /*+ gather_plan_statistics NO_ADAPTIVE_PLAN */ sum(t1.c), sum(t2.c) 
FROM
 t1, t2 WHERE t1.a = t2.a AND t1.d = :idnum


call     count       cpu    elapsed       disk      query    current        rows
------- ------  -------- ---------- ---------- ---------- ----------  ----------
Parse        1      0.00       0.00          0          0          0           0
Execute      1      0.00       0.02          0          0          0           0
Fetch        2      0.01       0.01          0       1981          0           1
------- ------  -------- ---------- ---------- ---------- ----------  ----------
total        4      0.01       0.04          0       1981          0           1

Misses in library cache during parse: 1
Misses in library cache during execute: 1
Optimizer mode: ALL_ROWS
Parsing user id: 136  (PERFLAB)
Number of plan statistics captured: 1

Rows (1st) Rows (avg) Rows (max)  Row Source Operation
---------- ---------- ----------  ---------------------------------------------------
         1          1          1  SORT AGGREGATE (cr=1981 pr=0 pw=0 time=14040 us starts=1)
         1          1          1   NESTED LOOPS  (cr=1981 pr=0 pw=0 time=14019 us starts=1 cost=553 size=22 card=1)
         1          1          1    NESTED LOOPS  (cr=1980 pr=0 pw=0 time=13994 us starts=1 cost=553 size=22 card=1)
         1          1          1     TABLE ACCESS FULL T1 (cr=1977 pr=0 pw=0 time=13968 us starts=1 cost=550 size=13 card=1)
         1          1          1     INDEX RANGE SCAN T2I (cr=3 pr=0 pw=0 time=21 us starts=1 cost=2 size=0 card=1)(object id 139465)
         1          1          1    TABLE ACCESS BY INDEX ROWID T2 (cr=1 pr=0 pw=0 time=11 us starts=1 cost=3 size=9 card=1)


Rows     Execution Plan
-------  ---------------------------------------------------
      0  SELECT STATEMENT   MODE: ALL_ROWS
      1   SORT (AGGREGATE)
      1    NESTED LOOPS
      1     NESTED LOOPS
      1      TABLE ACCESS   MODE: ANALYZED (FULL) OF 'T1' (TABLE)
      1      INDEX   MODE: ANALYZED (RANGE SCAN) OF 'T2I' (INDEX)
      1     TABLE ACCESS   MODE: ANALYZED (BY INDEX ROWID) OF 'T2' 
                (TABLE)

********************************************************************************

SQL ID: 50vxqdkj4zu1w Plan Hash: 1457651150

select user#,password,datats#,tempts#,type#,defrole,resource$,ptime,
  decode(defschclass,NULL,'DEFAULT_CONSUMER_GROUP',defschclass),spare1,spare4,
  ext_username,spare2,nvl(spare3,16382),spare9,spare10 
from
 user$ where name=:1


call     count       cpu    elapsed       disk      query    current        rows
------- ------  -------- ---------- ---------- ---------- ----------  ----------
Parse        1      0.00       0.00          0          0          0           0
Execute      1      0.00       0.00          0          0          0           0
Fetch        1      0.00       0.00          0          2          0           1
------- ------  -------- ---------- ---------- ---------- ----------  ----------
total        3      0.00       0.00          0          2          0           1

Misses in library cache during parse: 1
Misses in library cache during execute: 1
Optimizer mode: CHOOSE
Parsing user id: SYS   (recursive depth: 1)
Number of plan statistics captured: 1

Rows (1st) Rows (avg) Rows (max)  Row Source Operation
---------- ---------- ----------  ---------------------------------------------------
         1          1          1  TABLE ACCESS BY INDEX ROWID USER$ (cr=2 pr=0 pw=0 time=38 us starts=1 cost=1 size=168 card=1)
         1          1          1   INDEX UNIQUE SCAN I_USER1 (cr=1 pr=0 pw=0 time=28 us starts=1 cost=0 size=0 card=1)(object id 46)

********************************************************************************

SQL ID: 75w5d6vxd3765 Plan Hash: 0

BEGIN DBMS_SESSION.SET_SQL_TRACE(sql_trace => false); END;


call     count       cpu    elapsed       disk      query    current        rows
------- ------  -------- ---------- ---------- ---------- ----------  ----------
Parse        1      0.00       0.00          0          0          0           0
Execute      1      0.00       0.00          0          0          0           1
Fetch        0      0.00       0.00          0          0          0           0
------- ------  -------- ---------- ---------- ---------- ----------  ----------
total        2      0.00       0.01          0          0          0           1

Misses in library cache during parse: 1
Optimizer mode: ALL_ROWS
Parsing user id: 136  (PERFLAB)
********************************************************************************

SQL ID: aam2chsgpj7mb Plan Hash: 0

alter session set sql_trace=false


call     count       cpu    elapsed       disk      query    current        rows
------- ------  -------- ---------- ---------- ---------- ----------  ----------
Parse        1      0.00       0.00          0          0          0           0
Execute      1      0.00       0.00          0          0          0           0
Fetch        0      0.00       0.00          0          0          0           0
------- ------  -------- ---------- ---------- ---------- ----------  ----------
total        2      0.00       0.00          0          0          0           0

Misses in library cache during parse: 0
Parsing user id: 136  (PERFLAB)   (recursive depth: 1)



********************************************************************************

OVERALL TOTALS FOR ALL NON-RECURSIVE STATEMENTS

call     count       cpu    elapsed       disk      query    current        rows
------- ------  -------- ---------- ---------- ---------- ----------  ----------
Parse        3      0.00       0.00          0          0          0           0
Execute      4      0.03       0.18          0          0          0           3
Fetch        2      0.01       0.01          0       1981          0           1
------- ------  -------- ---------- ---------- ---------- ----------  ----------
total        9      0.05       0.20          0       1981          0           4

Misses in library cache during parse: 2
Misses in library cache during execute: 1


OVERALL TOTALS FOR ALL RECURSIVE STATEMENTS

call     count       cpu    elapsed       disk      query    current        rows
------- ------  -------- ---------- ---------- ---------- ----------  ----------
Parse        2      0.00       0.00          0          0          0           0
Execute      2      0.00       0.00          0          0          0           0
Fetch        1      0.00       0.00          0          2          0           1
------- ------  -------- ---------- ---------- ---------- ----------  ----------
total        5      0.00       0.00          0          2          0           1

Misses in library cache during parse: 1
Misses in library cache during execute: 1

    5  user  SQL statements in session.
    1  internal SQL statements in session.
    6  SQL statements in session.
    1  statement EXPLAINed in this session.
********************************************************************************
Trace file: t1db_ora_32309_tdemo1.trc
Trace file compatibility: 12.2.0.0
Sort options: default

       1  session in tracefile.
       5  user  SQL statements in trace file.
       1  internal SQL statements in trace file.
       6  SQL statements in trace file.
       6  unique SQL statements in trace file.
       1  SQL statements EXPLAINed using schema:
           PERFLAB.prof$plan_table
             Default table was used.
             Table was created.
             Table was dropped.
      84  lines in trace file.
      29  elapsed seconds in trace file.


